<?xml version="1.0" encoding="UTF-8"?>
<testsuite name="Make login in a website" tests="1" skipped="0" failures="0" errors="0" timestamp="2021-02-05T15:24:36" hostname="9LPJFP2" time="14.403">
  <properties/>
  <testcase name="Successful login" classname="Make login in a website" time="14.403"/>
  <system-out><![CDATA[
Feature: Make login in a website
  As a user
  I want to make login in the website

  Scenario: Successful login                   ?[90m# src/test/resources/features/login/login.feature:5?[0m
10:24:36.537 [Test worker] INFO   - 
 _____ _____ ____ _____   ____ _____  _    ____ _____ _____ ____  
|_   _| ____/ ___|_   _| / ___|_   _|/ \  |  _ \_   _| ____|  _ \ 
  | | |  _| \___ \ | |   \___ \ | | / _ \ | |_) || | |  _| | | | |
  | | | |___ ___) || |    ___) || |/ ___ \|  _ < | | | |___| |_| |
  |_| |_____|____/ |_|   |____/ |_/_/   \_\_| \_\|_| |_____|____/ 

Successful login(make-login-in-a-website;successful-login)
-------------------------------------------------------------------
    ?[32mGiven ?[0m?[32m?[0m?[32m?[1mTomas?[0m?[32m has an active account?[0m          ?[90m# LoginStepDefinitions.tomas_has_an_active_account(String)?[0m
10:24:37.803 [Test worker] INFO  n.s.c.w.d.ProvideNewDriver - Instantiating driver
10:24:37.803 [Test worker] INFO  n.s.c.w.d.ProvideNewDriver - Driver capabilities: Capabilities {acceptInsecureCerts: false, browserName: chrome, chrome.switches: --start-maximized;--test-ty..., goog:chromeOptions: {args: [--start-maximized, --test-type, --no-sandbox, --ignore-certificate-errors..., --disable-popup-blocking, --disable-default-apps, --disable-extensions-file-a..., --incognito, --disable-infobars, --disable-gpu], extensions: []}, loggingPrefs: org.openqa.selenium.logging..., platform: ANY, version: }
    ?[32mWhen ?[0m?[32mhe make login with email and password?[0m ?[90m# LoginStepDefinitions.he_make_login_with_email_and_password()?[0m
    ?[32mThen ?[0m?[32mthe login is successful?[0m               ?[90m# LoginStepDefinitions.the_login_is_successful()?[0m
]]></system-out>
  <system-err><![CDATA[feb. 05, 2021 10:24:37 A. M. org.openqa.selenium.remote.DesiredCapabilities chrome
INFO: Using `new ChromeOptions()` is preferred to `DesiredCapabilities.chrome()`
Starting ChromeDriver 88.0.4324.96 (68dba2d8a0b149a1d3afac56fa74648032bcf46b-refs/branch-heads/4324@{#1784}) on port 23333
Only local connections are allowed.
Please see https://chromedriver.chromium.org/security-considerations for suggestions on keeping ChromeDriver safe.
ChromeDriver was started successfully.
feb. 05, 2021 10:24:39 A. M. org.openqa.selenium.remote.ProtocolHandshake createSession
INFO: Detected dialect: W3C
]]></system-err>
</testsuite>
